\BOOKMARK [0][-]{chapter*.1}{Abstract}{}% 1
\BOOKMARK [0][-]{chapter*.2}{Acknowledgements}{}% 2
\BOOKMARK [0][-]{chapter*.3}{Declaration}{}% 3
\BOOKMARK [0][-]{chapter.1}{Introduction}{}% 4
\BOOKMARK [1][-]{section.1.1}{Background}{chapter.1}% 5
\BOOKMARK [1][-]{section.1.2}{About this Thesis}{chapter.1}% 6
\BOOKMARK [1][-]{section.1.3}{Chapter List}{chapter.1}% 7
\BOOKMARK [1][-]{section.1.4}{Conclusion}{chapter.1}% 8
\BOOKMARK [0][-]{chapter.2}{Using LaTeX}{}% 9
\BOOKMARK [1][-]{section.2.1}{Structure of this Template}{chapter.2}% 10
\BOOKMARK [1][-]{section.2.2}{Using Figures}{chapter.2}% 11
\BOOKMARK [1][-]{section.2.3}{Referencing}{chapter.2}% 12
\BOOKMARK [1][-]{section.2.4}{Citing Bibliographic References}{chapter.2}% 13
\BOOKMARK [2][-]{subsection.2.4.1}{Compiling a BibTeX Database}{section.2.4}% 14
\BOOKMARK [2][-]{subsection.2.4.2}{The Vancouver Bibliography Style}{section.2.4}% 15
\BOOKMARK [1][-]{section.2.5}{Working with Tables}{chapter.2}% 16
\BOOKMARK [1][-]{section.2.6}{Inserting an Algorithm}{chapter.2}% 17
\BOOKMARK [1][-]{section.2.7}{Inserting Program Code Samples}{chapter.2}% 18
\BOOKMARK [1][-]{section.2.8}{Working with Maths}{chapter.2}% 19
\BOOKMARK [1][-]{section.2.9}{Required Software}{chapter.2}% 20
\BOOKMARK [1][-]{section.2.10}{Working with Quotes}{chapter.2}% 21
\BOOKMARK [1][-]{section.2.11}{Further Information}{chapter.2}% 22
\BOOKMARK [1][-]{section.2.12}{Conclusion}{chapter.2}% 23
\BOOKMARK [0][-]{chapter.3}{Background Research}{}% 24
\BOOKMARK [1][-]{section.3.1}{Conclusions}{chapter.3}% 25
\BOOKMARK [0][-]{chapter.4}{Design}{}% 26
\BOOKMARK [1][-]{section.4.1}{Conclusions}{chapter.4}% 27
\BOOKMARK [0][-]{chapter.5}{Implementation}{}% 28
\BOOKMARK [1][-]{section.5.1}{Conclusions}{chapter.5}% 29
\BOOKMARK [0][-]{chapter.6}{Evaluation \046 Testing}{}% 30
\BOOKMARK [1][-]{section.6.1}{Conclusions}{chapter.6}% 31
\BOOKMARK [0][-]{chapter.7}{Conclusion}{}% 32
\BOOKMARK [1][-]{section.7.1}{Conclusions}{chapter.7}% 33
\BOOKMARK [1][-]{section.7.2}{Future Work}{chapter.7}% 34
\BOOKMARK [0][-]{chapter*.14}{Bibliography}{}% 35
\BOOKMARK [0][-]{appendix.A}{Project Specification}{}% 36
\BOOKMARK [1][-]{section.A.1}{Functional Requirements}{appendix.A}% 37
\BOOKMARK [1][-]{section.A.2}{Non-Functional Requirements}{appendix.A}% 38
\BOOKMARK [0][-]{appendix.B}{Project Management}{}% 39
\BOOKMARK [0][-]{appendix.C}{Another Appendix}{}% 40
\BOOKMARK [0][-]{appendix.D}{Presentation Slides}{}% 41
\BOOKMARK [0][-]{appendix.E}{Project Log}{}% 42
